<?xml version="1.0" encoding="UTF-8"?>
<testsuite xmlns:xsi="http://www.w3.org/2001/XMLSchema-instance" xsi:noNamespaceSchemaLocation="https://maven.apache.org/surefire/maven-surefire-plugin/xsd/surefire-test-report-3.0.xsd" version="3.0" name="se.kth.iv1350.pos.integration.InventoryHandlerTest" time="0.019" tests="2" errors="0" skipped="0" failures="0">
  <properties>
    <property name="java.specification.version" value="17"/>
    <property name="sun.cpu.isalist" value="amd64"/>
    <property name="sun.jnu.encoding" value="Cp1252"/>
    <property name="java.class.path" value="c:\Users\fatim_fw7jodi\OneDrive\Documents\GitHub\IV1350_ObjectorientedDesign\higher_grade\target\test-classes;c:\Users\fatim_fw7jodi\OneDrive\Documents\GitHub\IV1350_ObjectorientedDesign\higher_grade\target\classes;C:\Users\fatim_fw7jodi\.m2\repository\org\junit\jupiter\junit-jupiter-api\5.3.1\junit-jupiter-api-5.3.1.jar;C:\Users\fatim_fw7jodi\.m2\repository\org\apiguardian\apiguardian-api\1.0.0\apiguardian-api-1.0.0.jar;C:\Users\fatim_fw7jodi\.m2\repository\org\opentest4j\opentest4j\1.1.1\opentest4j-1.1.1.jar;C:\Users\fatim_fw7jodi\.m2\repository\org\junit\platform\junit-platform-commons\1.3.1\junit-platform-commons-1.3.1.jar;C:\Users\fatim_fw7jodi\.m2\repository\org\junit\jupiter\junit-jupiter-params\5.3.1\junit-jupiter-params-5.3.1.jar;C:\Users\fatim_fw7jodi\.m2\repository\org\junit\jupiter\junit-jupiter-engine\5.3.1\junit-jupiter-engine-5.3.1.jar;C:\Users\fatim_fw7jodi\.m2\repository\org\junit\platform\junit-platform-engine\1.3.1\junit-platform-engine-1.3.1.jar;"/>
    <property name="java.vm.vendor" value="Eclipse Adoptium"/>
    <property name="sun.arch.data.model" value="64"/>
    <property name="user.variant" value=""/>
    <property name="java.vendor.url" value="https://adoptium.net/"/>
    <property name="user.timezone" value="Europe/Stockholm"/>
    <property name="os.name" value="Windows 11"/>
    <property name="java.vm.specification.version" value="17"/>
    <property name="sun.java.launcher" value="SUN_STANDARD"/>
    <property name="user.country" value="US"/>
    <property name="sun.boot.library.path" value="C:\Users\fatim_fw7jodi\AppData\Local\Programs\Eclipse Adoptium\jdk-17.0.4.101-hotspot\bin"/>
    <property name="sun.java.command" value="C:\Users\fatim_fw7jodi\AppData\Local\Temp\surefire4988858650826044557\surefirebooter-20240527141530629_3.jar C:\Users\fatim_fw7jodi\AppData\Local\Temp\surefire4988858650826044557 2024-05-27T14-15-30_256-jvmRun1 surefire-20240527141530629_1tmp surefire_0-20240527141530629_2tmp"/>
    <property name="jdk.debug" value="release"/>
    <property name="surefire.test.class.path" value="c:\Users\fatim_fw7jodi\OneDrive\Documents\GitHub\IV1350_ObjectorientedDesign\higher_grade\target\test-classes;c:\Users\fatim_fw7jodi\OneDrive\Documents\GitHub\IV1350_ObjectorientedDesign\higher_grade\target\classes;C:\Users\fatim_fw7jodi\.m2\repository\org\junit\jupiter\junit-jupiter-api\5.3.1\junit-jupiter-api-5.3.1.jar;C:\Users\fatim_fw7jodi\.m2\repository\org\apiguardian\apiguardian-api\1.0.0\apiguardian-api-1.0.0.jar;C:\Users\fatim_fw7jodi\.m2\repository\org\opentest4j\opentest4j\1.1.1\opentest4j-1.1.1.jar;C:\Users\fatim_fw7jodi\.m2\repository\org\junit\platform\junit-platform-commons\1.3.1\junit-platform-commons-1.3.1.jar;C:\Users\fatim_fw7jodi\.m2\repository\org\junit\jupiter\junit-jupiter-params\5.3.1\junit-jupiter-params-5.3.1.jar;C:\Users\fatim_fw7jodi\.m2\repository\org\junit\jupiter\junit-jupiter-engine\5.3.1\junit-jupiter-engine-5.3.1.jar;C:\Users\fatim_fw7jodi\.m2\repository\org\junit\platform\junit-platform-engine\1.3.1\junit-platform-engine-1.3.1.jar;"/>
    <property name="sun.cpu.endian" value="little"/>
    <property name="user.home" value="C:\Users\fatim_fw7jodi"/>
    <property name="user.language" value="en"/>
    <property name="java.specification.vendor" value="Oracle Corporation"/>
    <property name="java.version.date" value="2022-08-12"/>
    <property name="java.home" value="C:\Users\fatim_fw7jodi\AppData\Local\Programs\Eclipse Adoptium\jdk-17.0.4.101-hotspot"/>
    <property name="file.separator" value="\"/>
    <property name="basedir" value="c:\Users\fatim_fw7jodi\OneDrive\Documents\GitHub\IV1350_ObjectorientedDesign\higher_grade"/>
    <property name="java.vm.compressedOopsMode" value="Zero based"/>
    <property name="line.separator" value="&#10;"/>
    <property name="java.vm.specification.vendor" value="Oracle Corporation"/>
    <property name="java.specification.name" value="Java Platform API Specification"/>
    <property name="surefire.real.class.path" value="C:\Users\fatim_fw7jodi\AppData\Local\Temp\surefire4988858650826044557\surefirebooter-20240527141530629_3.jar"/>
    <property name="user.script" value=""/>
    <property name="sun.management.compiler" value="HotSpot 64-Bit Tiered Compilers"/>
    <property name="java.runtime.version" value="17.0.4.1+1"/>
    <property name="user.name" value="fatim_fw7jodi"/>
    <property name="path.separator" value=";"/>
    <property name="os.version" value="10.0"/>
    <property name="java.runtime.name" value="OpenJDK Runtime Environment"/>
    <property name="file.encoding" value="Cp1252"/>
    <property name="java.vm.name" value="OpenJDK 64-Bit Server VM"/>
    <property name="java.vendor.version" value="Temurin-17.0.4.1+1"/>
    <property name="localRepository" value="C:\Users\fatim_fw7jodi\.m2\repository"/>
    <property name="java.vendor.url.bug" value="https://github.com/adoptium/adoptium-support/issues"/>
    <property name="java.io.tmpdir" value="C:\Users\FATIM_~1\AppData\Local\Temp\"/>
    <property name="java.version" value="17.0.4.1"/>
    <property name="user.dir" value="c:\Users\fatim_fw7jodi\OneDrive\Documents\GitHub\IV1350_ObjectorientedDesign\higher_grade"/>
    <property name="os.arch" value="amd64"/>
    <property name="java.vm.specification.name" value="Java Virtual Machine Specification"/>
    <property name="sun.os.patch.level" value=""/>
    <property name="native.encoding" value="Cp1252"/>
    <property name="java.library.path" value="C:\Users\fatim_fw7jodi\AppData\Local\Programs\Eclipse Adoptium\jdk-17.0.4.101-hotspot\bin;C:\WINDOWS\Sun\Java\bin;C:\WINDOWS\system32;C:\WINDOWS;C:\Program Files\Common Files\Oracle\Java\javapath;C:\Program Files (x86)\Common Files\Oracle\Java\java8path;C:\Program Files (x86)\Common Files\Oracle\Java\javapath;C:\Program Files (x86)\VMware\VMware Player\bin\;C:\WINDOWS\system32;C:\WINDOWS;C:\WINDOWS\System32\Wbem;C:\WINDOWS\System32\WindowsPowerShell\v1.0\;C:\WINDOWS\System32\OpenSSH\;C:\Users\fatim_fw7jodi\Downloads\swipl\bin\;C:\Program Files\Docker\Docker\resources\bin;C:\Program Files\PuTTY\;C:\Program Files\nodejs\;C:\Users\fatim_fw7jodi\apache-maven-3.9.6-bin\apache-maven-3.9.6;C:\Users\fatim_fw7jodi\apache-maven-3.9.6-bin\apache-maven-3.9.6\bin;C:\Users\fatim_fw7jodi\AppData\Local\Programs\Python\Python312\Scripts\;C:\Users\fatim_fw7jodi\AppData\Local\Programs\Python\Python312\;C:\Users\fatim_fw7jodi\AppData\Local\Programs\Python\Launcher\;C:\Users\fatim_fw7jodi\AppData\Local\Programs\Eclipse Adoptium\jdk-17.0.4.101-hotspot\bin;C:\Users\fatim_fw7jodi\AppData\Local\Microsoft\WindowsApps;C:\Users\fatim_fw7jodi\AppData\Local\Programs\Microsoft VS Code\bin;C:\Users\fatim_fw7jodi\Downloads\msys2\mingw64\bin;C:\Users\fatim_fw7jodi\AppData\Local\Programs\Git\cmd;C:\Users\fatim_fw7jodi\Downloads\elixir-otp-26\bin;C:\Program Files\Erlang OTP\bin;C:\Users\fatim_fw7jodi\AppData\Local\GitHubDesktop\bin;C:\Users\fatim_fw7jodi\AppData\Roaming\npm;."/>
    <property name="java.vm.info" value="mixed mode, sharing"/>
    <property name="java.vendor" value="Eclipse Adoptium"/>
    <property name="java.vm.version" value="17.0.4.1+1"/>
    <property name="sun.io.unicode.encoding" value="UnicodeLittle"/>
    <property name="java.class.version" value="61.0"/>
  </properties>
  <testcase name="testGetItemDTO" classname="se.kth.iv1350.pos.integration.InventoryHandlerTest" time="0.006"/>
  <testcase name="updateInventoryPrintoutTest" classname="se.kth.iv1350.pos.integration.InventoryHandlerTest" time="0.008"/>
</testsuite>